<?xml version="1.0" encoding="UTF-8"?>
<!-- Generated by org.testng.reporters.JUnitReportReporter -->
<testsuite skipped="0" hostname="ISU1SWT15-PC" name="Demosele.gettext" tests="1" failures="0" timestamp="22 May 2018 09:46:02 GMT" time="3.791" errors="0">
  <testcase name="testParameterWithXML" time="3.791" classname="Demosele.gettext"/>
</testsuite> <!-- Demosele.gettext -->
